<?xml version="1.0" encoding="UTF-8"?>
<testsuite xmlns:xsi="http://www.w3.org/2001/XMLSchema-instance" xsi:noNamespaceSchemaLocation="https://maven.apache.org/surefire/maven-surefire-plugin/xsd/surefire-test-report.xsd" version="3.0.2" name="de.clean.Task4" time="1.321" tests="3" errors="0" skipped="0" failures="0">
  <properties>
[...]
</properties>
  <testcase name="testHybridRecordSimilarity" classname="de.clean.Task4" time="0.008">
    <system-out><![CDATA[[Task4: testHybridRecordSimilarity]
Creating Hybrid with policies [null, "L", "L", "J", "L", "J"]...
Comparing first four records with respect to given policies...
Comparing first and second record: Expecting 0.774
Comparing second and third record: Expecting 0.184
Comparing third and fourth record: Expecting 0.694
]]></system-out>
  </testcase>
  <testcase name="testHybridNaiveDetection2" classname="de.clean.Task4" time="0.384">
    <system-out><![CDATA[[Task4: testHybridNaiveDetection2]
Creating Hybrid with policies [null, "L", null, null, "J", null]...
Applying NaiveDetection with Hybrid and a threshold of 0.5...
Naive Detection found 114 duplicates after 372816 comparisons
Evaluation results: Precision: 0,850877, Recall: 0,866071, F1-Score: 0,858407
Expected results: Precision: 0.850, Recall: 0.866, F1-Score: 0.858
]]></system-out>
  </testcase>
  <testcase name="testHybridNaiveDetection5" classname="de.clean.Task4" time="0.907">
    <system-out><![CDATA[[Task4: testHybridNaiveDetection5]
Creating Hybrid with policies [null, "L", "L", "J", "L", "J"]...
Applying NaiveDetection with Hybrid and a threshold of 0.8...
Naive Detection found 34 duplicates after 372816 comparisons
Evaluation results: Precision: 0,911765, Recall: 0,276786, F1-Score: 0,424658
Expected results: Precision 0.911, Recall: 0.276, F1-Score 0.424
]]></system-out>
  </testcase>
</testsuite>