<?xml version="1.0" encoding="UTF-8"?>
<testsuite xmlns:xsi="http://www.w3.org/2001/XMLSchema-instance" xsi:noNamespaceSchemaLocation="https://maven.apache.org/surefire/maven-surefire-plugin/xsd/surefire-test-report.xsd" version="3.0.2" name="de.clean.Task3" time="0.015" tests="1" errors="0" skipped="0" failures="0">
  <properties>
[...]
</properties>
  <testcase name="testLevenshteinSimilarity" classname="de.clean.Task3" time="0.009">
    <system-out><![CDATA[[Task3: testLevenshteinSimilarity]
Comparing 'morning' with 'evening': Expected Levenshtein is 0.571
hallo
0 1 2 3 4 5 6 7 
1 1 2 3 4 5 6 7 
2 2 2 3 4 5 6 7 
3 3 3 3 4 5 6 7 
4 4 4 4 3 4 5 6 
5 5 5 5 4 3 4 5 
6 6 6 6 5 4 3 4 
7 7 7 7 6 5 4 3 

Comparing 'Data Integration' with 'Distributed Data Management': Expected Levenshtein is 0.259
hallo
0 1 2 3 4 5 6 7 8 9 10 11 12 13 14 15 16 17 18 19 20 21 22 23 24 25 26 27 
1 0 1 2 3 4 5 6 7 8 9 10 11 12 13 14 15 16 17 18 19 20 21 22 23 24 25 26 
2 1 1 2 3 4 5 6 7 8 9 10 11 12 12 13 14 15 16 17 18 19 20 21 22 23 24 25 
3 2 2 2 2 3 4 5 6 7 8 9 10 11 12 12 13 14 15 16 17 18 19 20 21 22 23 24 
4 3 3 3 3 3 4 5 6 7 8 9 10 11 11 12 12 13 14 15 16 17 18 19 20 21 22 23 
5 4 4 4 4 4 4 5 6 7 8 9 9 10 11 12 13 12 13 14 15 16 17 18 19 20 21 22 
6 5 5 5 5 5 5 5 6 7 8 9 10 10 11 12 13 13 13 14 15 16 17 18 19 20 21 22 
7 6 6 6 6 6 6 6 6 7 8 9 10 11 11 12 13 14 14 14 14 15 16 17 18 19 20 21 
8 7 7 7 6 7 7 7 7 6 7 8 9 10 11 11 12 13 14 15 15 15 16 17 18 19 20 20 
9 8 8 8 7 7 8 8 8 7 6 7 8 9 10 11 12 13 14 15 16 16 16 16 17 18 19 20 
10 9 9 9 8 8 8 9 9 8 7 7 8 9 10 11 12 13 14 15 16 17 16 17 17 18 19 20 
11 10 10 10 9 8 9 9 10 9 8 8 8 9 10 11 12 13 14 15 16 17 17 17 18 18 19 20 
12 11 11 11 10 9 9 10 10 10 9 9 9 9 9 10 11 12 13 14 15 16 17 18 18 19 19 20 
13 12 12 12 11 10 10 10 11 10 10 10 10 10 10 9 10 11 12 13 14 15 16 17 18 19 20 19 
14 13 12 13 12 11 10 11 11 11 11 11 11 11 11 10 10 11 12 13 14 15 16 17 18 19 20 20 
15 14 13 13 13 12 11 11 12 12 12 12 12 12 12 11 11 11 12 13 14 15 16 17 18 19 20 21 
16 15 14 14 14 13 12 12 12 13 13 13 13 13 13 12 12 12 12 13 13 14 15 16 17 18 19 20 

Comparing 'Hallo Welt' with 'Hallo Marburg': Expected Levenshtein is 0.461
hallo
0 1 2 3 4 5 6 7 8 9 10 11 12 13 
1 0 1 2 3 4 5 6 7 8 9 10 11 12 
2 1 0 1 2 3 4 5 6 7 8 9 10 11 
3 2 1 0 1 2 3 4 5 6 7 8 9 10 
4 3 2 1 0 1 2 3 4 5 6 7 8 9 
5 4 3 2 1 0 1 2 3 4 5 6 7 8 
6 5 4 3 2 1 0 1 2 3 4 5 6 7 
7 6 5 4 3 2 1 1 2 3 4 5 6 7 
8 7 6 5 4 3 2 2 2 3 4 5 6 7 
9 8 7 6 5 4 3 3 3 3 4 5 6 7 
10 9 8 7 6 5 4 4 4 4 4 5 6 7 

Comparing a duplicate: Expected Levenshtein is 1
hallo
0 1 2 3 4 5 6 7 8 9 10 11 12 13 14 15 16 17 18 19 20 21 22 23 24 25 
1 0 1 2 3 4 5 6 7 8 9 10 11 12 13 14 15 16 17 18 19 20 21 22 23 24 
2 1 0 1 2 3 4 5 6 7 8 9 10 11 12 13 14 15 16 17 18 19 20 21 22 23 
3 2 1 0 1 2 3 4 5 6 7 8 9 10 11 12 13 14 15 16 17 18 19 20 21 22 
4 3 2 1 0 1 2 3 4 5 6 7 8 9 10 11 12 13 14 15 16 17 18 19 20 21 
5 4 3 2 1 0 1 2 3 4 5 6 7 8 9 10 11 12 13 14 15 16 17 18 19 20 
6 5 4 3 2 1 0 1 2 3 4 5 6 7 8 9 10 11 12 13 14 15 16 17 18 19 
7 6 5 4 3 2 1 0 1 2 3 4 5 6 7 8 9 10 11 12 13 14 15 16 17 18 
8 7 6 5 4 3 2 1 0 1 2 3 4 5 6 7 8 9 10 11 12 13 14 15 16 17 
9 8 7 6 5 4 3 2 1 0 1 2 3 4 5 6 7 8 9 10 11 12 13 14 15 16 
10 9 8 7 6 5 4 3 2 1 0 1 2 3 4 5 6 7 8 9 10 11 12 13 14 15 
11 10 9 8 7 6 5 4 3 2 1 0 1 2 3 4 5 6 7 8 9 10 11 12 13 14 
12 11 10 9 8 7 6 5 4 3 2 1 0 1 2 3 4 5 6 7 8 9 10 11 12 13 
13 12 11 10 9 8 7 6 5 4 3 2 1 0 1 2 3 4 5 6 7 8 9 10 11 12 
14 13 12 11 10 9 8 7 6 5 4 3 2 1 0 1 2 3 4 5 6 7 8 9 10 11 
15 14 13 12 11 10 9 8 7 6 5 4 3 2 1 0 1 2 3 4 5 6 7 8 9 10 
16 15 14 13 12 11 10 9 8 7 6 5 4 3 2 1 0 1 2 3 4 5 6 7 8 9 
17 16 15 14 13 12 11 10 9 8 7 6 5 4 3 2 1 0 1 2 3 4 5 6 7 8 
18 17 16 15 14 13 12 11 10 9 8 7 6 5 4 3 2 1 0 1 2 3 4 5 6 7 
19 18 17 16 15 14 13 12 11 10 9 8 7 6 5 4 3 2 1 0 1 2 3 4 5 6 
20 19 18 17 16 15 14 13 12 11 10 9 8 7 6 5 4 3 2 1 0 1 2 3 4 5 
21 20 19 18 17 16 15 14 13 12 11 10 9 8 7 6 5 4 3 2 1 0 1 2 3 4 
22 21 20 19 18 17 16 15 14 13 12 11 10 9 8 7 6 5 4 3 2 1 0 1 2 3 
23 22 21 20 19 18 17 16 15 14 13 12 11 10 9 8 7 6 5 4 3 2 1 0 1 2 
24 23 22 21 20 19 18 17 16 15 14 13 12 11 10 9 8 7 6 5 4 3 2 1 0 1 
25 24 23 22 21 20 19 18 17 16 15 14 13 12 11 10 9 8 7 6 5 4 3 2 1 0 

]]></system-out>
  </testcase>
</testsuite>